<?xml version="1.0" encoding="UTF-8"?>
<testng-results ignored="0" total="2" passed="2" failed="0" skipped="0">
  <reporter-output>
  </reporter-output>
  <suite started-at="2023-04-11T19:11:09 IST" name="Suite" finished-at="2023-04-11T19:11:31 IST" duration-ms="21840">
    <groups>
    </groups>
    <test started-at="2023-04-11T19:11:09 IST" name="Test" finished-at="2023-04-11T19:11:22 IST" duration-ms="12904">
      <class name="devopsBiswajita.devops">
        <test-method is-config="true" signature="setup(java.lang.String)[pri:0, instance:devopsBiswajita.devops@799f10e1]" started-at="2023-04-11T19:11:10 IST" name="setup" finished-at="2023-04-11T19:11:19 IST" duration-ms="9086" status="PASS">
          <params>
            <param index="0">
              <value>
                <![CDATA[chrome]]>
              </value>
            </param>
          </params>
          <reporter-output>
          </reporter-output>
        </test-method> <!-- setup -->
        <test-method signature="test1()[pri:0, instance:devopsBiswajita.devops@799f10e1]" started-at="2023-04-11T19:11:19 IST" name="test1" finished-at="2023-04-11T19:11:22 IST" duration-ms="3316" status="PASS">
          <reporter-output>
          </reporter-output>
        </test-method> <!-- test1 -->
        <test-method is-config="true" signature="teardown()[pri:0, instance:devopsBiswajita.devops@799f10e1]" started-at="2023-04-11T19:11:22 IST" name="teardown" finished-at="2023-04-11T19:11:22 IST" duration-ms="355" status="PASS">
          <reporter-output>
          </reporter-output>
        </test-method> <!-- teardown -->
      </class> <!-- devopsBiswajita.devops -->
    </test> <!-- Test -->
    <test started-at="2023-04-11T19:11:22 IST" name="Test1" finished-at="2023-04-11T19:11:31 IST" duration-ms="8893">
      <class name="devopsBiswajita.devops">
        <test-method is-config="true" signature="setup(java.lang.String)[pri:0, instance:devopsBiswajita.devops@3fc2959f]" started-at="2023-04-11T19:11:22 IST" name="setup" finished-at="2023-04-11T19:11:28 IST" duration-ms="5151" status="PASS">
          <params>
            <param index="0">
              <value>
                <![CDATA[edge]]>
              </value>
            </param>
          </params>
          <reporter-output>
          </reporter-output>
        </test-method> <!-- setup -->
        <test-method signature="test1()[pri:0, instance:devopsBiswajita.devops@3fc2959f]" started-at="2023-04-11T19:11:28 IST" name="test1" finished-at="2023-04-11T19:11:31 IST" duration-ms="3313" status="PASS">
          <reporter-output>
          </reporter-output>
        </test-method> <!-- test1 -->
        <test-method is-config="true" signature="teardown()[pri:0, instance:devopsBiswajita.devops@3fc2959f]" started-at="2023-04-11T19:11:31 IST" name="teardown" finished-at="2023-04-11T19:11:31 IST" duration-ms="409" status="PASS">
          <reporter-output>
          </reporter-output>
        </test-method> <!-- teardown -->
      </class> <!-- devopsBiswajita.devops -->
    </test> <!-- Test1 -->
  </suite> <!-- Suite -->
</testng-results>
